<?xml version="1.0" encoding="UTF-8"?>
<testng-results skipped="0" failed="0" total="1" passed="1">
  <reporter-output>
  </reporter-output>
  <suite name="Test.SampleTest" duration-ms="17" started-at="2019-05-22T16:54:41Z" finished-at="2019-05-22T16:54:41Z">
    <groups>
    </groups>
    <test name="Command line test" duration-ms="17" started-at="2019-05-22T16:54:41Z" finished-at="2019-05-22T16:54:41Z">
      <class name="Test.SampleTest">
        <test-method status="PASS" signature="printg()[pri:0, instance:Test.SampleTest@19bb089b]" name="printg" duration-ms="7" started-at="2019-05-22T22:24:41Z" finished-at="2019-05-22T22:24:41Z">
          <reporter-output>
          </reporter-output>
        </test-method> <!-- printg -->
      </class> <!-- Test.SampleTest -->
    </test> <!-- Command line test -->
  </suite> <!-- Test.SampleTest -->
</testng-results>
